\BOOKMARK [1][-]{section.1}{\376\377\000I\000n\000t\000r\000o\000d\000u\000c\000t\000i\000o\000n}{}% 1
\BOOKMARK [1][-]{section.2}{\376\377\000P\000r\000e\000l\000i\000m\000i\000n\000a\000r\000i\000e\000s}{}% 2
\BOOKMARK [2][-]{subsection.2.1}{\376\377\000B\000e\000l\000n\000a\000p\000\040\000F\000O\000U\000R\000\040\000a\000n\000d\000\040\000t\000h\000e\000\040\000s\000p\000l\000i\000t\000/\000f\000u\000s\000e\000\040\000p\000a\000i\000r}{section.2}% 3
\BOOKMARK [2][-]{subsection.2.2}{\376\377\000I\000m\000s\000c\000r\000i\000p\000t\000i\000o\000n\000s\000,\000\040\000d\000i\000a\000l\000e\000c\000t\000s\000,\000\040\000W\000i\000t\000n\000e\000s\000s\000e\000s}{section.2}% 4
\BOOKMARK [2][-]{subsection.2.3}{\376\377\000T\000h\000e\000\040\000f\000r\000o\000z\000e\000n\000\040\000s\000u\000b\000s\000t\000r\000a\000t\000e}{section.2}% 5
\BOOKMARK [1][-]{section.3}{\376\377\000T\000h\000e\000\040\000l\000o\000s\000s\000\040\000m\000e\000c\000h\000a\000n\000i\000s\000m\000,\000\040\000a\000n\000d\000\040\000t\000h\000e\000\040\000d\000e\000s\000i\000g\000n\000\040\000p\000r\000o\000v\000e\000n\000a\000n\000c\000e}{}% 6
\BOOKMARK [1][-]{section.4}{\376\377\000T\000h\000e\000\040\000t\000r\000a\000n\000s\000p\000o\000r\000t\000\040\000t\000h\000e\000o\000r\000e\000m\000\040\000\050\000p\000r\000o\000o\000f\000\040\000h\000a\000l\000f\000\051}{}% 7
\BOOKMARK [2][-]{subsection.4.1}{\376\377\000P\000a\000y\000l\000o\000a\000d\000s\000\040\000a\000r\000e\000\040\000d\000e\000r\000i\000v\000e\000d\000,\000\040\000n\000o\000t\000\040\000a\000s\000s\000e\000r\000t\000e\000d}{section.4}% 8
\BOOKMARK [2][-]{subsection.4.2}{\376\377\000T\000h\000e\000\040\000r\000o\000u\000n\000d\000-\000t\000r\000i\000p\000\040\000l\000a\000w}{section.4}% 9
\BOOKMARK [2][-]{subsection.4.3}{\376\377\000S\000e\000l\000f\000-\000r\000e\000f\000e\000r\000e\000n\000c\000e\000\040\000t\000r\000a\000v\000e\000l\000s\000\040\000i\000n\000s\000i\000d\000e}{section.4}% 10
\BOOKMARK [2][-]{subsection.4.4}{\376\377\000T\000h\000e\000\040\000b\000u\000n\000d\000l\000e}{section.4}% 11
\BOOKMARK [1][-]{section.5}{\376\377\000T\000h\000e\000\040\000b\000o\000a\000r\000d\000i\000n\000g\000\040\000m\000e\000c\000h\000a\000n\000i\000s\000m\000\040\000i\000s\000\040\000t\000h\000e\000\040\000D\000u\000a\000l\000-\000L\000i\000n\000k\000\040\000s\000t\000r\000u\000c\000t\000u\000r\000e}{}% 12
\BOOKMARK [1][-]{section.6}{\376\377\000T\000h\000e\000\040\000r\000u\000n\000t\000i\000m\000e\000\040\000h\000a\000l\000f\000:\000\040\000b\000a\000r\000e\000\040\000m\000e\000t\000a\000l\000,\000\040\000a\000l\000l\000\040\000d\000i\000a\000l\000e\000c\000t\000s}{}% 13
\BOOKMARK [2][-]{subsection.6.1}{\376\377\000S\000u\000b\000s\000t\000r\000a\000t\000e}{section.6}% 14
\BOOKMARK [2][-]{subsection.6.2}{\376\377\000T\000h\000e\000\040\000w\000i\000d\000e\000\040\000p\000a\000y\000l\000o\000a\000d\000:\000\040\000t\000h\000r\000e\000e\000\040\000W\000i\000t\000n\000e\000s\000s\000e\000s\000\040\000u\000n\000d\000e\000r\000\040\000a\000l\000l\000\040\0008\0008\000\040\000d\000i\000a\000l\000e\000c\000t\000s}{section.6}% 15
\BOOKMARK [2][-]{subsection.6.3}{\376\377\000O\000b\000s\000e\000r\000v\000e\000d\000\040\000r\000u\000n}{section.6}% 16
\BOOKMARK [2][-]{subsection.6.4}{\376\377\000W\000h\000a\000t\000\040\000t\000h\000e\000\040\000r\000u\000n\000t\000i\000m\000e\000\040\000d\000o\000e\000s\000\040\000a\000n\000d\000\040\000d\000o\000e\000s\000\040\000n\000o\000t\000\040\000c\000h\000e\000c\000k}{section.6}% 17
\BOOKMARK [1][-]{section.7}{\376\377\000H\000o\000n\000e\000s\000t\000\040\000s\000c\000o\000p\000e}{}% 18
\BOOKMARK [1][-]{section.8}{\376\377\000D\000i\000s\000c\000u\000s\000s\000i\000o\000n}{}% 19
\BOOKMARK [1][-]{section.9}{\376\377\000A\000r\000t\000i\000f\000a\000c\000t\000\040\000s\000t\000a\000t\000e\000m\000e\000n\000t}{}% 20
\BOOKMARK [1][-]{section.10}{\376\377\000A\000c\000k\000n\000o\000w\000l\000e\000d\000g\000e\000m\000e\000n\000t\000s}{}% 21
